[    0.000000] Initializing cgroup subsys cpuset
[    0.000000] Initializing cgroup subsys cpu
[    0.000000] Initializing cgroup subsys cpuacct
[    0.000000] Linux version 4.4.0-200-generic (buildd@lgw01-amd64-033) (gcc version 5.4.0 20160609 (Ubuntu 5.4.0-6ubuntu1~16.04.12) ) #232-Ubuntu SMP Wed Jan 13 10:17:51 UTC 2021 (Ubuntu 4.4.0-200.232-generic 4.4.244)
[    0.000000] KERNEL supported cpus:
[    0.000000]   Intel GenuineIntel
[    0.000000]   AMD AuthenticAMD
[    0.000000]   NSC Geode by NSC
[    0.000000]   Cyrix CyrixInstead
[    0.000000]   Centaur CentaurHauls
[    0.000000]   Transmeta GenuineTMx86
[    0.000000]   Transmeta TransmetaCPU
[    0.000000]   UMC UMC UMC UMC
[    0.000000] [Firmware Bug]: TSC doesn't count with P0 frequency!
[    0.000000] x86/fpu: xstate_offset[2]:  576, xstate_sizes[2]:  256
[    0.000000] x86/fpu: Supporting XSAVE feature 0x01: 'x87 floating point registers'
[    0.000000] x86/fpu: Supporting XSAVE feature 0x02: 'SSE registers'
[    0.000000] x86/fpu: Supporting XSAVE feature 0x04: 'AVX registers'
[    0.000000] x86/fpu: Enabled xstate features 0x7, context size is 832 bytes, using 'standard' format.
[    0.000000] e820: BIOS-provided physical RAM map:
[    0.000000] BIOS-e820: [mem 0x0000000000000000-0x000000000009fbff] usable
[    0.000000] BIOS-e820: [mem 0x000000000009fc00-0x000000000009ffff] reserved
[    0.000000] BIOS-e820: [mem 0x00000000000f0000-0x00000000000fffff] reserved
[    0.000000] BIOS-e820: [mem 0x0000000000100000-0x000000003ffeffff] usable
[    0.000000] BIOS-e820: [mem 0x000000003fff0000-0x000000003fffffff] ACPI data
[    0.000000] BIOS-e820: [mem 0x00000000fec00000-0x00000000fec00fff] reserved
[    0.000000] BIOS-e820: [mem 0x00000000fee00000-0x00000000fee00fff] reserved
[    0.000000] BIOS-e820: [mem 0x00000000fffc0000-0x00000000ffffffff] reserved
[    0.000000] NX (Execute Disable) protection: active
[    0.000000] SMBIOS 2.5 present.
[    0.000000] Hypervisor detected: KVM
[    0.000000] e820: last_pfn = 0x3fff0 max_arch_pfn = 0x1000000
[    0.000000] MTRR: Disabled
[    0.000000] x86/PAT: MTRRs disabled, skipping PAT initialization too.
[    0.000000] CPU MTRRs all blank - virtualized system.
[    0.000000] x86/PAT: Configuration [0-7]: WB  WT  UC- UC  WB  WT  UC- UC  
[    0.000000] found SMP MP-table at [mem 0x0009fff0-0x0009ffff] mapped at [c009fff0]
[    0.000000] Scanning 1 areas for low memory corruption
[    0.000000] RAMDISK: [mem 0x363a8000-0x371cbfff]
[    0.000000] ACPI: Early table checksum verification disabled
[    0.000000] ACPI: RSDP 0x00000000000E0000 000024 (v02 VBOX  )
[    0.000000] ACPI: XSDT 0x000000003FFF0030 00003C (v01 VBOX   VBOXXSDT 00000001 ASL  00000061)
[    0.000000] ACPI: FACP 0x000000003FFF00F0 0000F4 (v04 VBOX   VBOXFACP 00000001 ASL  00000061)
[    0.000000] ACPI: DSDT 0x000000003FFF0470 002325 (v02 VBOX   VBOXBIOS 00000002 INTL 20100528)
[    0.000000] ACPI: FACS 0x000000003FFF0200 000040
[    0.000000] ACPI: FACS 0x000000003FFF0200 000040
[    0.000000] ACPI: APIC 0x000000003FFF0240 00005C (v02 VBOX   VBOXAPIC 00000001 ASL  00000061)
[    0.000000] ACPI: SSDT 0x000000003FFF02A0 0001CC (v01 VBOX   VBOXCPUT 00000002 INTL 20100528)
[    0.000000] 131MB HIGHMEM available.
[    0.000000] 891MB LOWMEM available.
[    0.000000]   mapped low ram: 0 - 37bfe000
[    0.000000]   low ram: 0 - 37bfe000
[    0.000000] kvm-clock: Using msrs 4b564d01 and 4b564d00
[    0.000000] kvm-clock: cpu 0, msr 0:37bfd001, primary cpu clock
[    0.000000] kvm-clock: using sched offset of 3226836178 cycles
[    0.000000] clocksource: kvm-clock: mask: 0xffffffffffffffff max_cycles: 0x1cd42e4dffb, max_idle_ns: 881590591483 ns
[    0.000000] Zone ranges:
[    0.000000]   DMA      [mem 0x0000000000001000-0x0000000000ffffff]
[    0.000000]   Normal   [mem 0x0000000001000000-0x0000000037bfdfff]
[    0.000000]   HighMem  [mem 0x0000000037bfe000-0x000000003ffeffff]
[    0.000000] Movable zone start for each node
[    0.000000] Early memory node ranges
[    0.000000]   node   0: [mem 0x0000000000001000-0x000000000009efff]
[    0.000000]   node   0: [mem 0x0000000000100000-0x000000003ffeffff]
[    0.000000] Initmem setup node 0 [mem 0x0000000000001000-0x000000003ffeffff]
[    0.000000] Using APIC driver default
[    0.000000] ACPI: PM-Timer IO Port: 0x4008
[    0.000000] IOAPIC[0]: apic_id 2, version 32, address 0xfec00000, GSI 0-23
[    0.000000] ACPI: INT_SRC_OVR (bus 0 bus_irq 0 global_irq 2 dfl dfl)
[    0.000000] ACPI: INT_SRC_OVR (bus 0 bus_irq 9 global_irq 9 low level)
[    0.000000] Using ACPI (MADT) for SMP configuration information
[    0.000000] smpboot: Allowing 2 CPUs, 0 hotplug CPUs
[    0.000000] PM: Registered nosave memory: [mem 0x00000000-0x00000fff]
[    0.000000] PM: Registered nosave memory: [mem 0x0009f000-0x0009ffff]
[    0.000000] PM: Registered nosave memory: [mem 0x000a0000-0x000effff]
[    0.000000] PM: Registered nosave memory: [mem 0x000f0000-0x000fffff]
[    0.000000] e820: [mem 0x40000000-0xfebfffff] available for PCI devices
[    0.000000] Booting paravirtualized kernel on KVM
[    0.000000] clocksource: refined-jiffies: mask: 0xffffffff max_cycles: 0xffffffff, max_idle_ns: 7645519600211568 ns
[    0.000000] setup_percpu: NR_CPUS:8 nr_cpumask_bits:8 nr_cpu_ids:2 nr_node_ids:1
[    0.000000] PERCPU: Embedded 18 pages/cpu @f6384000 s43404 r0 d30324 u73728
[    0.000000] Built 1 zonelists in Zone order, mobility grouping on.  Total pages: 259800
[    0.000000] Kernel command line: BOOT_IMAGE=/boot/vmlinuz-4.4.0-200-generic root=LABEL=cloudimg-rootfs ro console=tty1 console=ttyS0
[    0.000000] PID hash table entries: 4096 (order: 2, 16384 bytes)
[    0.000000] Dentry cache hash table entries: 131072 (order: 7, 524288 bytes)
[    0.000000] Inode-cache hash table entries: 65536 (order: 6, 262144 bytes)
[    0.000000] Initializing CPU#0
[    0.000000] Initializing HighMem for node 0 (00037bfe:0003fff0)
[    0.000000] Initializing Movable for node 0 (00000000:00000000)
[    0.000000] Memory: 1008204K/1048120K available (8150K kernel code, 795K rwdata, 3216K rodata, 940K init, 792K bss, 39916K reserved, 0K cma-reserved, 135112K highmem)
[    0.000000] virtual kernel memory layout:
[    0.000000]     fixmap  : 0xfff15000 - 0xfffff000   ( 936 kB)
[    0.000000]     pkmap   : 0xffc00000 - 0xffe00000   (2048 kB)
[    0.000000]     vmalloc : 0xf83fe000 - 0xffbfe000   ( 120 MB)
[    0.000000]     lowmem  : 0xc0000000 - 0xf7bfe000   ( 891 MB)
[    0.000000]       .init : 0xc1be3000 - 0xc1cce000   ( 940 kB)
[    0.000000]       .data : 0xc17f5c38 - 0xc1be1c00   (4015 kB)
[    0.000000]       .text : 0xc1000000 - 0xc17f5c38   (8151 kB)
[    0.000000] Checking if this processor honours the WP bit even in supervisor mode...Ok.
[    0.000000] SLUB: HWalign=64, Order=0-3, MinObjects=0, CPUs=2, Nodes=1
[    0.000000] Hierarchical RCU implementation.
[    0.000000] 	Build-time adjustment of leaf fanout to 32.
[    0.000000] 	RCU restricting CPUs from NR_CPUS=8 to nr_cpu_ids=2.
[    0.000000] RCU: Adjusting geometry for rcu_fanout_leaf=32, nr_cpu_ids=2
[    0.000000] NR_IRQS:2304 nr_irqs:440 16
[    0.000000] Console: colour VGA+ 80x25
[    0.000000] console [tty1] enabled
[    0.000000] console [ttyS0] enabled
[    0.000000] allocated 1048576 bytes of page_ext
[    0.000000] tsc: Detected 3792.876 MHz processor
[    0.173729] Calibrating delay loop (skipped) preset value.. 7585.75 BogoMIPS (lpj=15171504)
[    0.174796] pid_max: default: 32768 minimum: 301
[    0.175367] ACPI: Core revision 20150930
[    0.176514] ACPI: 2 ACPI AML tables successfully acquired and loaded
[    0.177417] Security Framework initialized
[    0.177929] Yama: becoming mindful.
[    0.178390] AppArmor: AppArmor initialized
[    0.178916] Mount-cache hash table entries: 2048 (order: 1, 8192 bytes)
[    0.179646] Mountpoint-cache hash table entries: 2048 (order: 1, 8192 bytes)
[    0.180506] Initializing cgroup subsys io
[    0.181010] Initializing cgroup subsys memory
[    0.181542] Initializing cgroup subsys devices
[    0.182079] Initializing cgroup subsys freezer
[    0.182651] Initializing cgroup subsys net_cls
[    0.183199] Initializing cgroup subsys perf_event
[    0.183761] Initializing cgroup subsys net_prio
[    0.184386] Initializing cgroup subsys hugetlb
[    0.184922] Initializing cgroup subsys pids
[    0.192986] mce: CPU supports 0 MCE banks
[    0.193515] Last level iTLB entries: 4KB 1024, 2MB 1024, 4MB 512
[    0.194190] Last level dTLB entries: 4KB 2048, 2MB 2048, 4MB 1024, 1GB 0
[    0.194930] Spectre V1 : Mitigation: usercopy/swapgs barriers and __user pointer sanitization
[    0.195935] Spectre V2 : Spectre mitigation: LFENCE not serializing, switching to generic retpoline
[    0.197005] Spectre V2 : Mitigation: Full generic retpoline
[    0.197639] Spectre V2 : Spectre v2 / SpectreRSB mitigation: Filling RSB on context switch
[    0.198623] Speculative Store Bypass: Mitigation: Speculative Store Bypass disabled via prctl and seccomp
[    0.202081] Freeing SMP alternatives memory: 36K
[    0.206376] ftrace: allocating 31647 entries in 62 pages
[    0.261652] smpboot: APIC(0) Converting physical 0 to logical package 0
[    0.262441] smpboot: Max logical packages: 1
[    0.262989] Enabling APIC mode:  Flat.  Using 1 I/O APICs
[    0.264422] ..TIMER: vector=0x30 apic1=0 pin1=2 apic2=-1 pin2=-1
[    0.374991] smpboot: CPU0: AMD Ryzen 5 3600X 6-Core Processor (family: 0x17, model: 0x71, stepping: 0x0)
[    0.376481] Performance Events: Broken PMU hardware detected, using software events only.
[    0.377591] Failed to access perfctr msr (MSR c0010007 is 0)
[    0.382731] KVM setup paravirtual spinlock
[    0.383844] x86: Booting SMP configuration:
[    0.384373] .... node  #0, CPUs:      #1
[1266874886.482715] Initializing CPU#1
[    0.385252] kvm-clock: cpu 1, msr 0:37bfd041, secondary cpu clock
[    0.393420] mce: CPU supports 0 MCE banks
[    0.395791] x86: Booted up 1 node, 2 CPUs
[    0.396452] smpboot: Total of 2 processors activated (15171.50 BogoMIPS)
[    0.397599] devtmpfs: initialized
[    0.398188] evm: security.selinux
[    0.398647] evm: security.SMACK64
[    0.399128] evm: security.SMACK64EXEC
[    0.399630] evm: security.SMACK64TRANSMUTE
[    0.400152] evm: security.SMACK64MMAP
[    0.400647] evm: security.ima
[    0.401077] evm: security.capability
[    0.401671] clocksource: jiffies: mask: 0xffffffff max_cycles: 0xffffffff, max_idle_ns: 7645041785100000 ns
[    0.402875] futex hash table entries: 512 (order: 3, 32768 bytes)
[    0.403671] pinctrl core: initialized pinctrl subsystem
[    0.404397] RTC time: 21:19:47, date: 01/21/21
[    0.405133] NET: Registered protocol family 16
[    0.405798] EISA bus registered
[    0.417605] cpuidle: using governor ladder
[    0.432245] cpuidle: using governor menu
[    0.432820] PCCT header not found.
[    0.433558] ACPI: bus type PCI registered
[    0.434099] acpiphp: ACPI Hot Plug PCI Controller Driver version: 0.5
[    0.435091] PCI : PCI BIOS area is rw and x. Use pci=nobios if you want it NX.
[    0.436042] PCI: PCI BIOS revision 2.10 entry at 0xfda26, last bus=0
[    0.436831] PCI: Using configuration type 1 for base access
[    0.437542] PCI: Using configuration type 1 for extended access
[    0.449459] ACPI: Added _OSI(Module Device)
[    0.450035] ACPI: Added _OSI(Processor Device)
[    0.450608] ACPI: Added _OSI(3.0 _SCP Extensions)
[    0.451197] ACPI: Added _OSI(Processor Aggregator Device)
[    0.457898] ACPI: Executed 1 blocks of module-level executable AML code
[    0.459938] ACPI: Interpreter enabled
[    0.460447] ACPI: (supports S0 S5)
[    0.460924] ACPI: Using IOAPIC for interrupt routing
[    0.461638] PCI: Using host bridge windows from ACPI; if necessary, use "pci=nocrs" and report a bug
[    0.464883] ACPI: PCI Root Bridge [PCI0] (domain 0000 [bus 00-ff])
[    0.465635] acpi PNP0A03:00: _OSC: OS supports [ExtendedConfig ASPM ClockPM Segments MSI]
[    0.467094] acpi PNP0A03:00: _OSC: platform does not support [PCIeCapability]
[    0.468112] acpi PNP0A03:00: _OSC: not requesting control; platform does not support [PCIeCapability]
[    0.469258] acpi PNP0A03:00: _OSC: OS requested [PCIeHotplug PME AER PCIeCapability]
[    0.470267] acpi PNP0A03:00: _OSC: platform willing to grant [PCIeHotplug PME AER]
[    0.471278] acpi PNP0A03:00: _OSC failed (AE_SUPPORT); disabling ASPM
[    0.472236] PCI host bridge to bus 0000:00
[    0.472785] pci_bus 0000:00: root bus resource [io  0x0000-0x0cf7 window]
[    0.473591] pci_bus 0000:00: root bus resource [io  0x0d00-0xffff window]
[    0.474397] pci_bus 0000:00: root bus resource [mem 0x000a0000-0x000bffff window]
[    0.475329] pci_bus 0000:00: root bus resource [mem 0x40000000-0xfdffffff window]
[    0.476260] pci_bus 0000:00: root bus resource [bus 00-ff]
[    0.478129] pci 0000:00:01.1: legacy IDE quirk: reg 0x10: [io  0x01f0-0x01f7]
[    0.478919] pci 0000:00:01.1: legacy IDE quirk: reg 0x14: [io  0x03f6]
[    0.479643] pci 0000:00:01.1: legacy IDE quirk: reg 0x18: [io  0x0170-0x0177]
[    0.480479] pci 0000:00:01.1: legacy IDE quirk: reg 0x1c: [io  0x0376]
[    0.487783] pci 0000:00:07.0: quirk: [io  0x4000-0x403f] claimed by PIIX4 ACPI
[    0.488757] pci 0000:00:07.0: quirk: [io  0x4100-0x410f] claimed by PIIX4 SMB
[    0.491506] ACPI: PCI Interrupt Link [LNKA] (IRQs 5 9 10 *11)
[    0.492629] ACPI: PCI Interrupt Link [LNKB] (IRQs 5 9 *10 11)
[    0.493686] ACPI: PCI Interrupt Link [LNKC] (IRQs 5 *9 10 11)
[    0.494733] ACPI: PCI Interrupt Link [LNKD] (IRQs 5 9 10 *11)
[    0.495806] ACPI: Enabled 2 GPEs in block 00 to 07
[    0.496723] vgaarb: setting as boot device: PCI:0000:00:02.0
[    0.497401] vgaarb: device added: PCI:0000:00:02.0,decodes=io+mem,owns=io+mem,locks=none
[    0.498402] vgaarb: loaded
[    0.498803] vgaarb: bridge control possible 0000:00:02.0
[    0.499621] SCSI subsystem initialized
[    0.500217] ACPI: bus type USB registered
[    0.500755] usbcore: registered new interface driver usbfs
[    0.501444] usbcore: registered new interface driver hub
[    0.502101] usbcore: registered new device driver usb
[    0.502924] PCI: Using ACPI for IRQ routing
[    0.503724] NetLabel: Initializing
[    0.504234] NetLabel:  domain hash size = 128
[    0.504823] NetLabel:  protocols = UNLABELED CIPSOv4
[    0.505494] NetLabel:  unlabeled traffic allowed by default
[    0.506308] amd_nb: Cannot enumerate AMD northbridges
[    0.507015] clocksource: Switched to clocksource kvm-clock
[    0.523600] AppArmor: AppArmor Filesystem Enabled
[    0.524236] pnp: PnP ACPI init
[    0.525162] pnp: PnP ACPI: found 3 devices
[    0.525732] PnPBIOS: Disabled by ACPI PNP
[    0.564358] clocksource: acpi_pm: mask: 0xffffff max_cycles: 0xffffff, max_idle_ns: 2085701024 ns
[    0.565497] NET: Registered protocol family 2
[    0.566185] TCP established hash table entries: 8192 (order: 3, 32768 bytes)
[    0.567049] TCP bind hash table entries: 8192 (order: 4, 65536 bytes)
[    0.567896] TCP: Hash tables configured (established 8192 bind 8192)
[    0.568693] UDP hash table entries: 512 (order: 2, 16384 bytes)
[    0.569429] UDP-Lite hash table entries: 512 (order: 2, 16384 bytes)
[    0.570250] NET: Registered protocol family 1
[    0.570842] pci 0000:00:00.0: Limiting direct PCI/PCI transfers
[    0.571609] pci 0000:00:01.0: Activating ISA DMA hang workarounds
[    0.572433] Unpacking initramfs...
[    0.975629] Freeing initrd memory: 14480K
[    0.976347] clocksource: tsc: mask: 0xffffffffffffffff max_cycles: 0x6d581b92771, max_idle_ns: 881590605997 ns
[    0.977711] platform rtc_cmos: registered platform RTC device (no PNP device found)
[    0.978789] Scanning for low memory corruption every 60 seconds
[    0.979976] audit: initializing netlink subsys (disabled)
[    0.980721] audit: type=2000 audit(1611263992.747:1): initialized
[    0.981684] Initialise system trusted keyring
[    0.982499] HugeTLB registered 2 MB page size, pre-allocated 0 pages
[    0.984060] zbud: loaded
[    0.984610] VFS: Disk quotas dquot_6.6.0
[    0.985150] VFS: Dquot-cache hash table entries: 1024 (order 0, 4096 bytes)
[    0.986023] squashfs: version 4.0 (2009/01/31) Phillip Lougher
[    0.986948] fuse init (API version 7.23)
[    0.987567] Key type big_key registered
[    0.988080] Allocating IMA MOK and blacklist keyrings.
[    0.989678] Key type asymmetric registered
[    0.990200] Asymmetric key parser 'x509' registered
[    0.990792] bounce: pool size: 64 pages
[    0.991325] Block layer SCSI generic (bsg) driver version 0.4 loaded (major 249)
[    0.992327] io scheduler noop registered
[    0.992854] io scheduler deadline registered (default)
[    0.993542] io scheduler cfq registered
[    0.994136] pci_hotplug: PCI Hot Plug PCI Core version: 0.5
[    0.994846] pciehp: PCI Express Hot Plug Controller Driver version: 0.4
[    0.995734] ACPI: AC Adapter [AC] (on-line)
[    0.996404] input: Power Button as /devices/LNXSYSTM:00/LNXPWRBN:00/input/input0
[    0.997452] ACPI: Power Button [PWRF]
[    0.998051] input: Sleep Button as /devices/LNXSYSTM:00/LNXSLPBN:00/input/input1
[    0.999062] ACPI: Sleep Button [SLPF]
[    0.999719] GHES: HEST is not enabled!
[    1.000247] isapnp: Scanning for PnP cards...
[    1.007669] Serial: 8250/16550 driver, 32 ports, IRQ sharing enabled
[    1.028819] 00:02: ttyS0 at I/O 0x3f8 (irq = 4, base_baud = 115200) is a 16550A
[    1.030484] Linux agpgart interface v0.103
[    1.052041] loop: module loaded
[    1.052885] scsi host0: ata_piix
[    1.053407] scsi host1: ata_piix
[    1.053901] ata1: PATA max UDMA/33 cmd 0x1f0 ctl 0x3f6 bmdma 0xd000 irq 14
[    1.054738] ata2: PATA max UDMA/33 cmd 0x170 ctl 0x376 bmdma 0xd008 irq 15
[    1.055752] libphy: Fixed MDIO Bus: probed
[    1.056311] tun: Universal TUN/TAP device driver, 1.6
[    1.056975] tun: (C) 1999-2004 Max Krasnyansky <maxk@qualcomm.com>
[    1.057767] PPP generic driver version 2.4.2
[    1.058366] ehci_hcd: USB 2.0 'Enhanced' Host Controller (EHCI) Driver
[    1.059154] ehci-pci: EHCI PCI platform driver
[    1.059751] ehci-platform: EHCI generic platform driver
[    1.060419] ohci_hcd: USB 1.1 'Open' Host Controller (OHCI) Driver
[    1.061156] ohci-pci: OHCI PCI platform driver
[    1.061746] ohci-platform: OHCI generic platform driver
[    1.062397] uhci_hcd: USB Universal Host Controller Interface driver
[    1.063189] i8042: PNP: PS/2 Controller [PNP0303:PS2K,PNP0f03:PS2M] at 0x60,0x64 irq 1,12
[    1.064757] serio: i8042 KBD port at 0x60,0x64 irq 1
[    1.065391] serio: i8042 AUX port at 0x60,0x64 irq 12
[    1.066115] mousedev: PS/2 mouse device common for all mice
[    1.067208] input: AT Translated Set 2 keyboard as /devices/platform/i8042/serio0/input/input2
[    1.068574] rtc_cmos rtc_cmos: rtc core: registered rtc_cmos as rtc0
[    1.069460] rtc_cmos rtc_cmos: alarms up to one day, 114 bytes nvram
[    1.070246] i2c /dev entries driver
[    1.070772] device-mapper: uevent: version 1.0.3
[    1.071467] device-mapper: ioctl: 4.34.0-ioctl (2015-10-28) initialised: dm-devel@redhat.com
[    1.072591] platform eisa.0: Probing EISA bus 0
[    1.073196] platform eisa.0: EISA: Cannot allocate resource for mainboard
[    1.074008] platform eisa.0: Cannot allocate resource for EISA slot 1
[    1.074780] platform eisa.0: Cannot allocate resource for EISA slot 2
[    1.075558] platform eisa.0: Cannot allocate resource for EISA slot 3
[    1.076331] platform eisa.0: Cannot allocate resource for EISA slot 4
[    1.077120] platform eisa.0: Cannot allocate resource for EISA slot 5
[    1.077899] platform eisa.0: Cannot allocate resource for EISA slot 6
[    1.078671] platform eisa.0: Cannot allocate resource for EISA slot 7
[    1.079469] platform eisa.0: Cannot allocate resource for EISA slot 8
[    1.080228] platform eisa.0: EISA: Detected 0 cards
[    1.080853] cpufreq-nforce2: No nForce2 chipset.
[    1.081456] ledtrig-cpu: registered to indicate activity on CPUs
[    1.082329] NET: Registered protocol family 10
[    1.083048] NET: Registered protocol family 17
[    1.083662] Key type dns_resolver registered
[    1.084314] Using IPI No-Shortcut mode
[    1.084901] registered taskstats version 1
[    1.085466] Loading compiled-in X.509 certificates
[    1.087274] Loaded X.509 cert 'Build time autogenerated kernel key: 7c21181c61b0312046b023df199bab027980aae8'
[    1.088529] zswap: loaded using pool lzo/zbud
[    1.090045] Key type trusted registered
[    1.092022] Key type encrypted registered
[    1.092591] AppArmor: AppArmor sha1 policy hashing enabled
[    1.093301] ima: No TPM chip found, activating TPM-bypass!
[    1.094034] ima: Allocated hash algorithm: sha1
[    1.094648] evm: HMAC attrs: 0x1
[    1.095286]   Magic number: 5:48:349
[    1.095858] rtc_cmos rtc_cmos: setting system clock to 2021-01-21 21:19:48 UTC (1611263988)
[    1.096987] BIOS EDD facility v0.16 2004-Jun-25, 0 devices found
[    1.097725] EDD information not available.
[    1.374623] isapnp: No Plug & Play device found
[    1.375528] Freeing unused kernel memory: 940K
[    1.763362] Write protecting the kernel text: 8152k
[    1.764110] Write protecting the kernel read-only data: 3220k
[    1.764876] NX-protecting the kernel data: 6184k
Loading, please wait...
starting version 229
[    1.774320] random: systemd-udevd: uninitialized urandom read (16 bytes read, 0 bits of entropy available)
[    1.774699] random: udevadm: uninitialized urandom read (16 bytes read, 0 bits of entropy available)
[    1.781893] random: udevadm: uninitialized urandom read (16 bytes read, 0 bits of entropy available)
[    1.781930] random: udevadm: uninitialized urandom read (16 bytes read, 0 bits of entropy available)
[    1.782030] random: udevadm: uninitialized urandom read (16 bytes read, 0 bits of entropy available)
[    1.782068] random: udevadm: uninitialized urandom read (16 bytes read, 0 bits of entropy available)
[    1.782103] random: udevadm: uninitialized urandom read (16 bytes read, 0 bits of entropy available)
[    1.782141] random: udevadm: uninitialized urandom read (16 bytes read, 0 bits of entropy available)
[    1.782178] random: udevadm: uninitialized urandom read (16 bytes read, 0 bits of entropy available)
[    1.782216] random: udevadm: uninitialized urandom read (16 bytes read, 0 bits of entropy available)
[    1.810973] Fusion MPT base driver 3.04.20
[    1.811535] Copyright (c) 1999-2008 LSI Corporation
[    1.812510] e1000: Intel(R) PRO/1000 Network Driver - version 7.3.21-k8-NAPI
[    1.813385] e1000: Copyright (c) 1999-2006 Intel Corporation.
[    1.818754] Fusion MPT SPI Host driver 3.04.20
[    2.020350] input: ImExPS/2 Generic Explorer Mouse as /devices/platform/i8042/serio1/input/input4
[    2.178258] e1000 0000:00:03.0 eth0: (PCI:33MHz:32-bit) 02:2b:d4:73:fe:1b
[    2.179131] e1000 0000:00:03.0 eth0: Intel(R) PRO/1000 Network Connection
[    2.180536] mptbase: ioc0: Initiating bringup
[    2.180959] e1000 0000:00:03.0 enp0s3: renamed from eth0
[    2.740042] ioc0: LSI53C1030 A0: Capabilities={Initiator}
[    3.064397] scsi host2: ioc0: LSI53C1030 A0, FwRev=00000000h, Ports=1, MaxQ=256, IRQ=20
[    4.003709] scsi 2:0:0:0: Direct-Access     VBOX     HARDDISK         1.0  PQ: 0 ANSI: 5
[    4.004889] scsi target2:0:0: Beginning Domain Validation
[    4.006621] scsi target2:0:0: Domain Validation skipping write tests
[    4.007458] scsi target2:0:0: Ending Domain Validation
[    4.008170] scsi target2:0:0: asynchronous
[    4.009131] scsi 2:0:1:0: Direct-Access     VBOX     HARDDISK         1.0  PQ: 0 ANSI: 5
[    4.010103] scsi target2:0:1: Beginning Domain Validation
[    4.011772] scsi target2:0:1: Domain Validation skipping write tests
[    4.012571] scsi target2:0:1: Ending Domain Validation
[    4.013296] scsi target2:0:1: asynchronous
[    4.017815] sd 2:0:0:0: Attached scsi generic sg0 type 0
[    4.017896] sd 2:0:0:0: [sda] 20971520 512-byte logical blocks: (10.7 GB/10.0 GiB)
[    4.017984] sd 2:0:0:0: [sda] Write Protect is off
[    4.018045] sd 2:0:0:0: [sda] Incomplete mode parameter data
[    4.018046] sd 2:0:0:0: [sda] Assuming drive cache: write through
[    4.020203]  sda: sda1
[    4.020564] sd 2:0:0:0: [sda] Attached SCSI disk
[    4.023110] sd 2:0:1:0: Attached scsi generic sg1 type 0
[    4.023206] sd 2:0:1:0: [sdb] 20480 512-byte logical blocks: (10.5 MB/10.0 MiB)
[    4.023282] sd 2:0:1:0: [sdb] Write Protect is off
[    4.023337] sd 2:0:1:0: [sdb] Incomplete mode parameter data
[    4.023338] sd 2:0:1:0: [sdb] Assuming drive cache: write through
[    4.024539] sd 2:0:1:0: [sdb] Attached SCSI disk
Begin: Loading essential drivers ... [    5.222733] md: linear personality registered for level -1
[    5.225814] md: multipath personality registered for level -4
[    5.228943] md: raid0 personality registered for level 0
[    5.233280] md: raid1 personality registered for level 1
[    5.307254] raid6: mmxx1    gen()  4266 MB/s
[    5.375781] raid6: mmxx2    gen() 10261 MB/s
[    5.443235] raid6: sse1x1   gen()  4243 MB/s
[    5.512611] raid6: sse1x2   gen()  9202 MB/s
[    5.579285] raid6: sse2x1   gen()  9088 MB/s
[    5.647600] raid6: sse2x1   xor()  9016 MB/s
[    5.715067] raid6: sse2x2   gen() 18521 MB/s
[    5.783513] raid6: sse2x2   xor() 12202 MB/s
[    5.851475] raid6: avx2x1   gen() 22396 MB/s
[    5.919441] raid6: avx2x2   gen() 34448 MB/s
[    5.920170] raid6: using algorithm avx2x2 gen() 34448 MB/s
[    5.920869] raid6: using avx2x1 recovery algorithm
[    5.923606] xor: automatically using best checksumming function:
[    5.963425]    avx       : 16034.000 MB/sec
[    5.965697] async_tx: api initialized (async)
[    5.979427] md: raid6 personality registered for level 6
[    5.980097] md: raid5 personality registered for level 5
[    5.980747] md: raid4 personality registered for level 4
[    5.987014] md: raid10 personality registered for level 10
done.
Begin: Running /scripts/init-premount ... done.
Begin: Mounting root file system ... Begin: Running /scripts/local-top ... done.
Begin: Running /scripts/local-premount ... [    6.022619] Btrfs loaded
Scanning for Btrfs filesystems
done.
Warning: fsck not present, so skipping root file system
[    6.039197] EXT4-fs (sda1): mounted filesystem with ordered data mode. Opts: (null)
done.
Begin: Running /scripts/local-bottom ... done.
Begin: Running /scripts/init-bottom ... done.
[    6.090173] systemd[1]: systemd 229 running in system mode. (+PAM +AUDIT +SELINUX +IMA +APPARMOR +SMACK +SYSVINIT +UTMP +LIBCRYPTSETUP +GCRYPT +GNUTLS +ACL +XZ -LZ4 +SECCOMP +BLKID +ELFUTILS +KMOD -IDN)
[    6.092337] systemd[1]: Detected virtualization oracle.
[    6.093025] systemd[1]: Detected architecture x86.

Welcome to [1mUbuntu 16.04.7 LTS[0m!

[    6.095059] systemd[1]: Set hostname to <ubuntu>.
[    6.096613] systemd[1]: Initializing machine ID from random generator.
[    6.097359] systemd[1]: Installed transient /etc/machine-id file.
[    6.209900] systemd[1]: Started Trigger resolvconf update for networkd DNS.
[[0;32m  OK  [0m] Started Trigger resolvconf update for networkd DNS.
[    6.211674] systemd[1]: Listening on udev Control Socket.
[[0;32m  OK  [0m] Listening on udev Control Socket.
[    6.213014] systemd[1]: Reached target User and Group Name Lookups.
[[0;32m  OK  [0m] Reached target User and Group Name Lookups.
[    6.214475] systemd[1]: Listening on LVM2 metadata daemon socket.
[[0;32m  OK  [0m] Listening on LVM2 metadata daemon socket.
[    6.215959] systemd[1]: Listening on Syslog Socket.
[[0;32m  OK  [0m] Listening on Syslog Socket.
[    6.217244] systemd[1]: Started Forward Password Requests to Wall Directory Watch.
[[0;32m  OK  [0m] Started Forward Password Requests to Wall Directory Watch.
[    6.219172] systemd[1]: Listening on Journal Socket (/dev/log).
[[0;32m  OK  [0m] Listening on Journal Socket (/dev/log).
[    6.220652] systemd[1]: Listening on /dev/initctl Compatibility Named Pipe.
[[0;32m  OK  [0m] Listening on /dev/initctl Compatibility Named Pipe.
[    6.222228] systemd[1]: Reached target System Time Synchronized.
[[0;32m  OK  [0m] Reached target System Time Synchronized.
[    6.223739] systemd[1]: Listening on Journal Socket.
[[0;32m  OK  [0m] Listening on Journal Socket.
[    6.225018] systemd[1]: Listening on LVM2 poll daemon socket.
[[0;32m  OK  [0m] Listening on LVM2 poll daemon socket.
[    6.226413] systemd[1]: Reached target Encrypted Volumes.
[[0;32m  OK  [0m] Reached target Encrypted Volumes.
[    6.227968] systemd[1]: Created slice System Slice.
[[0;32m  OK  [0m] Created slice System Slice.
[    6.239617] systemd[1]: Mounting Debug File System...
         Mounting Debug File System...
[    6.241814] systemd[1]: Starting Set console keymap...
         Starting Set console keymap...
[    6.243424] systemd[1]: Mounting POSIX Message Queue File System...
         Mounting POSIX Message Queue File System...
[    6.244907] systemd[1]: Created slice system-serial\x2dgetty.slice.
[[0;32m  OK  [0m] Created slice system-serial\x2dgetty.slice.
[    6.246612] systemd[1]: Set up automount Arbitrary Executable File Formats File System Automount Point.
[[0;32m  OK  [0m] Set up automount Arbitrary Executab...ats File System Automount Point.
[    6.249054] systemd[1]: Starting Nameserver information manager...
         Starting Nameserver information manager...
[    6.250451] systemd[1]: Created slice User and Session Slice.
[[0;32m  OK  [0m] Created slice User and Session Slice.
[    6.252226] systemd[1]: Listening on udev Kernel Socket.
[[0;32m  OK  [0m] Listening on udev Kernel Socket.
[    6.253545] systemd[1]: Reached target Slices.
[[0;32m  OK  [0m] Reached target Slices.
[    6.255116] systemd[1]: Starting Uncomplicated firewall...
         Starting Uncomplicated firewall...
[    6.256386] systemd[1]: Listening on Device-mapper event daemon FIFOs.
[[0;32m  OK  [0m] Listening on Device-mapper event daemon FIFOs.
[    6.258673] systemd[1]: Starting Monitoring of LVM2 mirrors, snapshots etc. using dmeventd or progress polling...
         Starting Monitoring of LVM2 mirrors... dmeventd or progress polling...
[    6.261243] systemd[1]: Starting Remount Root and Kernel File Systems...
         Starting Remount Root and Kernel File Systems...
[    6.263546] systemd[1]: Starting Create list of required static device nodes for the current kernel...
         Starting Create list of required st... nodes for the current kernel...
[    6.266816] systemd[1]: Reached target Swap.
[    6.267473] EXT4-fs (sda1): re-mounted. Opts: (null)
[[0;32m  OK  [0m] Reached target Swap.
[    6.269748] systemd[1]: Listening on Journal Audit Socket.
[[0;32m  OK  [0m] Listening on Journal Audit Socket.
[    6.271580] systemd[1]: Starting Journal Service...
         Starting Journal Service...
[    6.273876] systemd[1]: Starting Load Kernel Modules...
         Starting Load Kernel Modules...
[    6.275302] systemd[1]: Mounting Huge Pages File System...
         Mounting Huge Pages File System...
[    6.301287] systemd[1]: Mounted Huge Pages File System.
[[0;32m  OK  [0m] Mounted Huge Pages File System.
[    6.302757] systemd[1]: Mounted POSIX Message Queue File System.
[[0;32m  OK  [0m] Mounted POSIX Message Queue File System.
[    6.304330] systemd[1]: Mounted Debug File System.
[[0;32m  OK  [0m] [    6.305356] Loading iSCSI transport class v2.0-870.
Mounted Debug File System.
[    6.306573] systemd[1]: Started Set console keymap.
[[0;32m  OK  [0m] Started Set console keymap.
[    6.330678] systemd[1]: Started Uncomplicated firewall.
[[0;32m  OK  [0m] Started Uncomplicated firewall.
[    6.335445] systemd[1]: Started Remount Root and Kernel File Systems.
[[0;32m  OK  [0m] Started Remount Root and Kernel File Systems.
[    6.337603] systemd[1]: Started Create list of required static device nodes for the current kernel.
[[0;32m  OK  [0m] Started Create list of required sta...ce nodes for the current kernel.
[    6.340855] systemd[1]: Started LVM2 metadata daemon.
[[0;32m  OK  [0m] Started LVM2 metadata daemon.
[    6.342551] systemd[1]: Starting Create Static Device Nodes in /dev...
         Starting Create Static Device Nodes in /dev...
[    6.346460] systemd[1]: Starting udev Coldplug all Devices...
         Starting udev Coldplug all Devices...
[    6.348232] systemd[1]: Starting Load/Save Random Seed...
         Starting Load/Save Random Seed...
[    6.350416] systemd[1]: Started Journal Service.
[[0;32m  OK  [0m[    6.372945] iscsi: registered transport (tcp)
] Started Journal Service.
[[0;32m  OK  [0m] Started Nameserver information manager.
[[0;32m  OK  [0m] Started Load/Save Random Seed.
         Starting Flush Journal to Persistent Storage...
[    6.390734] systemd-journald[396]: Received request to flush runtime journal from PID 1
[[0;32m  OK  [0m] Started Flush Journal to Persistent Storage.
[[0;32m  OK  [0m] Started Create Static Device Nodes in /dev.
         Starting udev Kernel Device Manager...
[[0;32m  OK  [0m] Started udev Kernel Device Manager.
[[0;32m  OK  [0m] Started udev Coldplug all Devices.
[[0;32m  OK  [0m] Started Dispatch Password Requests to Console Directory Watch.
[    6.466065] iscsi: registered transport (iser)
[[0;32m  OK  [0m] Started Load Kernel Modules.
         Mounting FUSE Control File System...
         [    6.481361] random: nonblocking pool is initialized
Starting Apply Kernel Variables...
[[0;32m  OK  [0m] Mounted FUSE Control File System.
[[0;32m  OK  [0m] Started Apply Kernel Variables.
[[0;32m  OK  [0m] Found device /dev/ttyS0.
[[0;32m  OK  [0m] Listening on Load/Save RF Kill Switch Status /dev/rfkill Watch.
[[0;32m  OK  [0m] Started Monitoring of LVM2 mirrors,...ng dmeventd or progress polling.
[[0;32m  OK  [0m] Reached target Local File Systems (Pre).
[[0;32m  OK  [0m] Reached target Local File Systems.
         Starting Tell Plymouth To Write Out Runtime Data...
         Starting Create Volatile Files and Directories...
         Starting Set console font and keymap...
         Starting LSB: AppArmor initialization...
         Starting Initial cloud-init job (pre-networking)...
         Starting Commit a transient machine-id on disk...
[[0;32m  OK  [0m] Started Tell Plymouth To Write Out Runtime Data.
[[0;32m  OK  [0m] Started Create Volatile Files and Directories.
         Starting Update UTMP about System Boot/Shutdown...
[[0;32m  OK  [0m] Started Update UTMP about System Boot/Shutdown.
[[0;32m  OK  [0m] Started Commit a transient machine-id on disk.
[[0;32m  OK  [0m] Started Set console font and keymap.
[[0;32m  OK  [0m] Created slice system-getty.slice.
[[0;32m  OK  [0m] Started LSB: AppArmor initialization.
         Starting Load AppArmor profiles managed internally by snapd...
[[0;32m  OK  [0m] Started Load AppArmor profiles managed internally by snapd.
[    7.834176] cloud-init[598]: Cloud-init v. 20.4.1-0ubuntu1~16.04.1 running 'init-local' at Thu, 21 Jan 2021 21:19:55 +0000. Up 7.59 seconds.
[[0;32m  OK  [0m] Started Initial cloud-init job (pre-networking).
[[0;32m  OK  [0m] Reached target Network (Pre).
         Starting Raise network interfaces...
[[0;32m  OK  [0m] Started Raise network interfaces.
[[0;32m  OK  [0m] Reached target Network.
         Starting Initial cloud-init job (metadata service crawler)...
[    8.840896] cloud-init[935]: Cloud-init v. 20.4.1-0ubuntu1~16.04.1 running 'init' at Thu, 21 Jan 2021 21:19:55 +0000. Up 8.18 seconds.
[    8.842000] cloud-init[935]: ci-info: ++++++++++++++++++++++++++++++++++++++Net device info++++++++++++++++++++++++++++++++++++++
[    8.843072] cloud-init[935]: ci-info: +--------+------+----------------------------+---------------+--------+-------------------+
[    8.844208] cloud-init[935]: ci-info: | Device |  Up  |          Address           |      Mask     | Scope  |     Hw-Address    |
[    8.845221] cloud-init[935]: ci-info: +--------+------+----------------------------+---------------+--------+-------------------+
[    8.846233] cloud-init[935]: ci-info: | enp0s3 | True |         10.0.2.15          | 255.255.255.0 | global | 02:2b:d4:73:fe:1b |
[    8.847246] cloud-init[935]: ci-info: | enp0s3 | True | fe80::2b:d4ff:fe73:fe1b/64 |       .       |  link  | 02:2b:d4:73:fe:1b |
[    8.848230] cloud-init[935]: ci-info: |   lo   | True |         127.0.0.1          |   255.0.0.0   |  host  |         .         |
[    8.849179] cloud-init[935]: ci-info: |   lo   | True |          ::1/128           |       .       |  host  |         .         |
[    8.850263] cloud-init[935]: ci-info: +--------+------+----------------------------+---------------+--------+-------------------+
[    8.851225] cloud-init[935]: ci-info: +++++++++++++++++++++++++++Route IPv4 info++++++++++++++++++++++++++++
[    8.852059] cloud-init[935]: ci-info: +-------+-------------+----------+---------------+-----------+-------+
[    8.852918] cloud-init[935]: ci-info: | Route | Destination | Gateway  |    Genmask    | Interface | Flags |
[    8.853763] cloud-init[935]: ci-info: +-------+-------------+----------+---------------+-----------+-------+
[    8.854639] cloud-init[935]: ci-info: |   0   |   0.0.0.0   | 10.0.2.2 |    0.0.0.0    |   enp0s3  |   UG  |
[    8.855518] cloud-init[935]: ci-info: |   1   |   10.0.2.0  | 0.0.0.0  | 255.255.255.0 |   enp0s3  |   U   |
[    8.856496] cloud-init[935]: ci-info: +-------+-------------+----------+---------------+-----------+-------+
[    8.857365] cloud-init[935]: ci-info: +++++++++++++++++++Route IPv6 info+++++++++++++++++++
[    8.858108] cloud-init[935]: ci-info: +-------+-------------+---------+-----------+-------+
[    8.858866] cloud-init[935]: ci-info: | Route | Destination | Gateway | Interface | Flags |
[    8.859675] cloud-init[935]: ci-info: +-------+-------------+---------+-----------+-------+
[    8.860429] cloud-init[935]: ci-info: |   0   |  fe80::/64  |    ::   |   enp0s3  |   U   |
[    8.861173] cloud-init[935]: ci-info: |   3   |   ff00::/8  |    ::   |   enp0s3  |   U   |
[    8.861919] cloud-init[935]: ci-info: +-------+-------------+---------+-----------+-------+
[    8.862675] cloud-init[935]: Generating public/private rsa key pair.
[    8.863318] cloud-init[935]: Your identification has been saved in /etc/ssh/ssh_host_rsa_key.
[    8.864134] cloud-init[935]: Your public key has been saved in /etc/ssh/ssh_host_rsa_key.pub.
[    8.864905] cloud-init[935]: The key fingerprint is:
[    8.865499] cloud-init[935]: SHA256:zOnw850syQ2nQqVCFH2tJKCFZbecrq3hBsU+epV1TXw root@ubuntu-xenial
[    8.866299] cloud-init[935]: The key's randomart image is:
[    8.866869] cloud-init[935]: +---[RSA 2048]----+
[    8.867395] cloud-init[935]: |     o*+.  . .   |
[    8.867915] cloud-init[935]: |    .+.oooo . o E|
[    8.868489] cloud-init[935]: |    .o  ++ . o . |
[    8.869006] cloud-init[935]: |      ++ .+ . .  |
[    8.876454] cloud-init[935]: |     +. S= .     |
[    8.877107] cloud-init[935]: |    . +*= . .    |
[    8.877708] cloud-init[935]: |     oo==. *     |
[    8.878284] cloud-init[935]: |    ..oo.o=o..   |
[    8.878852] cloud-init[935]: |     oo  ...+    |
[    8.879393] cloud-init[935]: +----[SHA256]-----+
[    8.879949] cloud-init[935]: Generating public/private dsa key pair.
[    8.880667] cloud-init[935]: Your identification has been saved in /etc/ssh/ssh_host_dsa_key.
[    8.881498] cloud-init[935]: Your public key has been saved in /etc/ssh/ssh_host_dsa_key.pub.
[    8.882310] cloud-init[935]: The key fingerprint is:
[    8.882877] cloud-init[935]: SHA256:f3fchRA3AIOIv01yRDC676tHZGWD/P6eJSpT0oAKwF0 root@ubuntu-xenial
[    8.883725] cloud-init[935]: The key's randomart image is:
[    8.884340] cloud-init[935]: +---[DSA 1024]----+
[    8.884891] cloud-init[935]: |. . .Eo=..o.o.o  |
[    8.885435] cloud-init[935]: |.. ...+.*  . o . |
[    8.885979] cloud-init[935]: |.   .o = .  .    |
[    8.886519] cloud-init[935]: |.   ..* +    . . |
[    8.887087] cloud-init[935]: | . ..o XS     . .|
[    8.887669] cloud-init[935]: |  .  .+ =.     .o|
[    8.888236] cloud-init[935]: |     ..o .o o . +|
[    8.888784] cloud-init[935]: |     .+  ..= . . |
[    8.889334] cloud-init[935]: |    .oo+..o      |
[    8.889886] cloud-init[935]: +----[SHA256]-----+
[    8.890475] cloud-init[935]: Generating public/private ecdsa key pair.
[    8.891142] cloud-init[935]: Your identification has been saved in /etc/ssh/ssh_host_ecdsa_key.
[    8.891986] cloud-init[935]: Your public key has been saved in /etc/ssh/ssh_host_ecdsa_key.pub.
[    8.892856] cloud-init[935]: The key fingerprint is:
[    8.893451] cloud-init[935]: SHA256:w1TQS/UPRD+lbgC9hrLsFPykBUzDZ+dJvf2m7piJmJI root@ubuntu-xenial
[    8.894313] cloud-init[935]: The key's randomart image is:
[    8.894914] cloud-init[935]: +---[ECDSA 256]---+
[    8.895471] cloud-init[935]: |       ++ooo.oo .|
[    8.896021] cloud-init[935]: |        +o=.+o.o.|
[    8.896595] cloud-init[935]: |       ..= *.o++.|
[    8.897146] cloud-init[935]: |       o+ = =o.oo|
[    8.897687] cloud-init[935]: |       .SO .  o o|
[    8.898258] cloud-init[935]: |        =..  .  o|
[    8.898799] cloud-init[935]: |       +       o |
[    8.899384] cloud-init[935]: |      E .o . +.  |
[    8.900013] cloud-init[935]: |       .o . +oo  |
[    8.900602] cloud-init[935]: +----[SHA256]-----+
[    8.900693] cloud-init[935]: Generating public/private ed25519 key pair.
[    8.900863] cloud-init[935]: Your identification has been saved in /etc/ssh/ssh_host_ed25519_key.
[    8.901027] cloud-init[935]: Your public key has been saved in /etc/ssh/ssh_host_ed25519_key.pub.
[    8.901209] cloud-init[935]: The key fingerprint is:
[    8.901286] cloud-init[935]: SHA256:VnM6ln8/SD8QIYffuCrpQmUTY/3IU+sx6gCe5+PmbV4 root@ubuntu-xenial
[    8.901452] cloud-init[935]: The key's randomart image is:
[    8.901617] cloud-init[935]: +--[ED25519 256]--+
[    8.901779] cloud-init[935]: |          . .    |
[    8.901941] cloud-init[935]: |         + + +   |
[    8.902103] cloud-init[935]: |        . * O =  |
[    8.902290] cloud-init[935]: |       . = O O . |
[    8.902445] cloud-init[935]: |      . S * + =  |
[    8.902608] cloud-init[935]: |       = + + =   |
[    8.902769] cloud-init[935]: |      . o + +E=  |
[    8.902931] cloud-init[935]: |       . *.+.o = |
[    8.903104] cloud-init[935]: |        *+=o    +|
[    8.903267] cloud-init[935]: +----[SHA256]-----+
[[0;32m  OK  [0m] Started Initial cloud-init job (metadata service crawler).
[[0;32m  OK  [0m] Reached target Cloud-config availability.
[[0;32m  OK  [0m] Reached target System Initialization.
         Starting LXD - unix socket.
[[0;32m  OK  [0m] Listening on D-Bus System Message Bus Socket.
[[0;32m  OK  [0m] Listening on ACPID Listen Socket.
[[0;32m  OK  [0m] Started Daily Cleanup of Temporary Directories.
[[0;32m  OK  [0m] Started ACPI Events Check.
[[0;32m  OK  [0m] Reached target Paths.
[[0;32m  OK  [0m] Listening on UUID daemon activation socket.
         Starting Socket activation for snappy daemon.
[[0;32m  OK  [0m] Started Message of the Day.
[[0;32m  OK  [0m] Started Daily apt download activities.
[[0;32m  OK  [0m] Started Daily apt upgrade and clean activities.
[[0;32m  OK  [0m] Reached target Timers.
[[0;32m  OK  [0m] Reached target Network is Online.
         Starting iSCSI initiator daemon (iscsid)...
[[0;32m  OK  [0m] Listening on LXD - unix socket.
[[0;32m  OK  [0m] Listening on Socket activation for snappy daemon.
[[0;32m  OK  [0m] Reached target Sockets.
[[0;32m  OK  [0m] Reached target Basic System.
         Starting Login Service...
         Starting LSB: Record successful boot for GRUB...
         Starting System Logging Service...
         Starting LSB: MD monitoring daemon...
[[0;32m  OK  [0m] Started Deferred execution scheduler.
[[0;32m  OK  [0m] Started D-Bus System Message Bus.
         Starting Pollinate to seed the pseudo random number generator...
         Starting /etc/rc.local Compatibility...
         Starting Virtualbox guest utils...
[[0;32m  OK  [0m] Started FUSE filesystem for LXC.
[[0;32m  OK  [0m] Started Regular background program processing daemon.
         Starting Snap Daemon...
         Starting Accounts Service...
[[0;32m  OK  [0m] Started ACPI event daemon.
         Starting LXD - container startup/shutdown...
[[0;32m  OK  [0m] Started System Logging Service.
[[0;32m  OK  [0m] Started /etc/rc.local Compatibility.
[[0;32m  OK  [0m] Started Login Service.
[[0;32m  OK  [0m] Started Unattended Upgrades Shutdown.
[[0;32m  OK  [0m] Started iSCSI initiator daemon (iscsid).
         Starting Login to default iSCSI targets...
[[0;32m  OK  [0m] Started LSB: MD monitoring daemon.
[[0;32m  OK  [0m] Started LSB: Record successful boot for GRUB.
[[0;32m  OK  [0m] Started Login to default iSCSI targets.
[[0;32m  OK  [0m] Reached target Remote File Systems (Pre).
[[0;32m  OK  [0m] Reached target Remote File Systems.
         Starting LSB: Set the CPU Frequency Scaling governor to "ondemand"...
         Starting LSB: daemon to balance interrupts for SMP systems...
         Starting Permit User Sessions...
         Starting LSB: automatic crash report generation...
[[0;32m  OK  [0m] Started Permit User Sessions.
         Starting Hold until boot process finishes up...
         Starting Terminate Plymouth Boot Screen...
[[0;32m  OK  [0m] Started Hold until boot process finishes up.
         Starting Authenticate and Authorize Users to Run Privileged Tasks...
[[0;32m  OK  [0m] Started Serial Getty on ttyS0.
[[0;32m  OK  [0m] Started Getty on tty1.
[[0;32m  OK  [0m] Reached target Login Prompts.
         Starting Set console scheme...
[[0;32m  OK  [0m] Started LSB: Set the CPU Frequency Scaling governor to "ondemand".
[[0;32m  OK  [0m] Started Terminate Plymouth Boot Screen.
[[0;32m  OK  [0m] Started Set console scheme.
[[0;32m  OK  [0m] Started Authenticate and Authorize Users to Run Privileged Tasks.
[[0;32m  OK  [0m] Started Accounts Service.
[[0;32m  OK  [0m] Started LSB: automatic crash report generation.
[[0;32m  OK  [0m] Started LSB: daemon to balance interrupts for SMP systems.
[[0;32m  OK  [0m] Started LXD - container startup/shutdown.
[[0;32m  OK  [0m] Started Virtualbox guest utils.
[[0;32m  OK  [0m] Started Snap Daemon.
         Starting Wait until snapd is fully seeded...
[[0;32m  OK  [0m] Started Pollinate to seed the pseudo random number generator.
         Starting OpenBSD Secure Shell server...
[[0;32m  OK  [0m] Started OpenBSD Secure Shell server.
[[0;32m  OK  [0m] Created slice User Slice of vagrant.
         Starting User Manager for UID 1000...
[[0;32m  OK  [0m] Started Session 1 of user vagrant.
[[0;32m  OK  [0m] Started User Manager for UID 1000.
[[0;32m  OK  [0m] Started Wait until snapd is fully seeded.
[[0;32m  OK  [0m] Reached target Multi-User System.
[[0;32m  OK  [0m] Reached target Graphical Interface.
         Starting Update UTMP about System Runlevel Changes...
         Starting Apply the settings specified in cloud-config...
[[0;32m  OK  [0m] Started Update UTMP about System Runlevel Changes.
[   15.542039] cloud-init[1350]: Generating locales (this might take a while)...

Ubuntu 16.04.7 LTS ubuntu-xenial ttyS0

ubuntu-xenial login: [   17.233762] cloud-init[1350]:   en_US.UTF-8... done
[   17.234231] cloud-init[1350]: Generation complete.
[   17.407872] cloud-init[1350]: Cloud-init v. 20.4.1-0ubuntu1~16.04.1 running 'modules:config' at Thu, 21 Jan 2021 21:20:03 +0000. Up 15.39 seconds.
ci-info: no authorized SSH keys fingerprints found for user ubuntu.
<14>Jan 21 21:20:05 ec2: 
<14>Jan 21 21:20:05 ec2: #############################################################
<14>Jan 21 21:20:05 ec2: -----BEGIN SSH HOST KEY FINGERPRINTS-----
<14>Jan 21 21:20:05 ec2: 1024 SHA256:f3fchRA3AIOIv01yRDC676tHZGWD/P6eJSpT0oAKwF0 root@ubuntu-xenial (DSA)
<14>Jan 21 21:20:05 ec2: 256 SHA256:w1TQS/UPRD+lbgC9hrLsFPykBUzDZ+dJvf2m7piJmJI root@ubuntu-xenial (ECDSA)
<14>Jan 21 21:20:05 ec2: 256 SHA256:VnM6ln8/SD8QIYffuCrpQmUTY/3IU+sx6gCe5+PmbV4 root@ubuntu-xenial (ED25519)
<14>Jan 21 21:20:05 ec2: 2048 SHA256:zOnw850syQ2nQqVCFH2tJKCFZbecrq3hBsU+epV1TXw root@ubuntu-xenial (RSA)
<14>Jan 21 21:20:05 ec2: -----END SSH HOST KEY FINGERPRINTS-----
<14>Jan 21 21:20:05 ec2: #############################################################
-----BEGIN SSH HOST KEY KEYS-----
ecdsa-sha2-nistp256 AAAAE2VjZHNhLXNoYTItbmlzdHAyNTYAAAAIbmlzdHAyNTYAAABBBNhfcrlPhZgCtxTDNt9qRbRskXM3y3rB90txAcc7pbXnyAHYNQGIhJJ4ab3t2k8BlDCFGmGMAd35aQuCvWOQci4= root@ubuntu-xenial
ssh-ed25519 AAAAC3NzaC1lZDI1NTE5AAAAICpIc5F70axG6kKczJjl5ZlsmvkK3A5DWkucmWtZMnvZ root@ubuntu-xenial
ssh-rsa AAAAB3NzaC1yc2EAAAADAQABAAABAQC1t3fwqmvM7iE/buBTGt6xSTpUebKt8xDuDElwoILnT6yFOGUrtaTiF88wB/j2J56ffe4/scsG6fcj8x7+B8GijzOfJlCKjxti7k07P+ENDdSsr2ELg6gE3/Cm15uqYZkNl4ZlyWzNIMAvZ4GFPCC6EocgbBekcazq8NtmwKpEb3YosG7q8x1hKnP8TK8RlkHsnEYpjRwJGhkZQoBQc66K9fj/teqLiYMZvexZR+2HK5+XO0VMbfVSELoA11wQQWgdOEMnn7+BdxXkWA0Bv/rjMiljW2wzM+t+Y1DZEG3upYXjRu3udfUX5Oy1WTfkMQOgwwpBDz98EZBu2wBSnLTt root@ubuntu-xenial
-----END SSH HOST KEY KEYS-----
[   17.732385] cloud-init[1505]: Cloud-init v. 20.4.1-0ubuntu1~16.04.1 running 'modules:final' at Thu, 21 Jan 2021 21:20:05 +0000. Up 17.63 seconds.
[   17.732623] cloud-init[1505]: ci-info: no authorized SSH keys fingerprints found for user ubuntu.
[   17.732955] cloud-init[1505]: Cloud-init v. 20.4.1-0ubuntu1~16.04.1 finished at Thu, 21 Jan 2021 21:20:05 +0000. Datasource DataSourceNoCloud [seed=/dev/sdb][dsmode=net].  Up 17.72 seconds
         Stopping Session 5 of user vagrant.
[[0;32m  OK  [0m] Stopped target Cloud-init target.
         Stopping User Manager for UID 1000...
[[0;32m  OK  [0m] Stopped target Timers.
[[0;32m  OK  [0m] Stopped Daily Cleanup of Temporary Directories.
[[0;32m  OK  [0m] Closed Load/Save RF Kill Switch Status /dev/rfkill Watch.
         Stopping Authenticate and Authorize Users to Run Privileged Tasks...
[[0;32m  OK  [0m] Stopped target Graphical Interface.
[[0;32m  OK  [0m] Stopped Message of the Day.
[[0;32m  OK  [0m] Stopped Execute cloud user/final scripts.
[[0;32m  OK  [0m] Stopped Apply the settings specified in cloud-config.
[[0;32m  OK  [0m] Stopped target Multi-User System.
         Stopping LSB: automatic crash report generation...
         Stopping LSB: daemon to balance interrupts for SMP systems...
         Stopping LSB: MD monitoring daemon...
[[0;32m  OK  [0m] Stopped Wait until snapd is fully seeded.
         Stopping D-Bus System Message Bus...
[[0;32m  OK  [0m] Stopped target Login Prompts.
         Stopping Serial Getty on ttyS0...
         Stopping Getty on tty1...
         Stopping FUSE filesystem for LXC...
         Stopping Regular background program processing daemon...
         Stopping LSB: Record successful boot for GRUB...
         Stopping Accounts Service...
         Stopping LSB: Set the CPU Frequency Scaling governor to "ondemand"...
         Stopping Virtualbox guest utils...
         Stopping Deferred execution scheduler...
         Stopping ACPI event daemon...
[[0;32m  OK  [0m] Stopped Daily apt upgrade and clean activities.
[[0;32m  OK  [0m] Stopped Daily apt download activities.
[[0;32m  OK  [0m] Stopped target System Time Synchronized.
         Stopping OpenBSD Secure Shell server...
         Stopping System Logging Service...
[[0;32m  OK  [0m] Stopped target Cloud-config availability.
         Stopping LXD - container startup/shutdown...
[[0;32m  OK  [0m] Unmounted /var/lib/lxcfs.
[[0;32m  OK  [0m] Stopped System Logging Service.
[[0;32m  OK  [0m] Stopped Deferred execution scheduler.
[[0;32m  OK  [0m] Stopped Regular background program processing daemon.
[[0;32m  OK  [0m] Stopped Accounts Service.
[[0;32m  OK  [0m] Stopped Authenticate and Authorize Users to Run Privileged Tasks.
[[0;32m  OK  [0m] Stopped Serial Getty on ttyS0.
[[0;32m  OK  [0m] Stopped Getty on tty1.
[[0;32m  OK  [0m] Stopped OpenBSD Secure Shell server.
[[0;32m  OK  [0m] Stopped User Manager for UID 1000.
[[0;32m  OK  [0m] Stopped Session 5 of user vagrant.
[[0;32m  OK  [0m] Stopped D-Bus System Message Bus.
[[0;32m  OK  [0m] Stopped FUSE filesystem for LXC.
[[0;32m  OK  [0m] Stopped LSB: MD monitoring daemon.
[[0;32m  OK  [0m] Stopped LSB: daemon to balance interrupts for SMP systems.
[[0;32m  OK  [0m] Stopped LSB: automatic crash report generation.
[[0;32m  OK  [0m] Stopped LSB: Record successful boot for GRUB.
[[0;32m  OK  [0m] Stopped LSB: Set the CPU Frequency Scaling governor to "ondemand".
[[0;32m  OK  [0m] Stopped ACPI event daemon.
[[0;32m  OK  [0m] Stopped LXD - container startup/shutdown.
[[0;32m  OK  [0m] Removed slice User Slice of vagrant.
         Stopping Login Service...
[[0;32m  OK  [0m] Removed slice system-getty.slice.
         Stopping Permit User Sessions...
[[0;32m  OK  [0m] Stopped /etc/rc.local Compatibility.
[[0;32m  OK  [0m] Removed slice system-serial\x2dgetty.slice.
[[0;32m  OK  [0m] Stopped Virtualbox guest utils.
[[0;32m  OK  [0m] Stopped Permit User Sessions.
[[0;32m  OK  [0m] Stopped target Remote File Systems.
[[0;32m  OK  [0m] Stopped target Remote File Systems (Pre).
         Stopping Login to default iSCSI targets...
[[0;32m  OK  [0m] Stopped Login to default iSCSI targets.
         Stopping iSCSI initiator daemon (iscsid)...
[[0;32m  OK  [0m] Stopped iSCSI initiator daemon (iscsid).
[[0;32m  OK  [0m] Stopped target Network is Online.
[[0;32m  OK  [0m] Stopped target Network.
[[0;32m  OK  [0m] Stopped Login Service.
[[0;32m  OK  [0m] Stopped target User and Group Name Lookups.
[[0;32m  OK  [0m] Stopped target Basic System.
[[0;32m  OK  [0m] Stopped target Slices.
[[0;32m  OK  [0m] Stopped target Sockets.
[[0;32m  OK  [0m] Closed D-Bus System Message Bus Socket.
[[0;32m  OK  [0m] Closed UUID daemon activation socket.
[[0;32m  OK  [0m] Closed ACPID Listen Socket.
[[0;32m  OK  [0m] Closed Syslog Socket.
[[0;32m  OK  [0m] Closed Socket activation for snappy daemon.
[[0;32m  OK  [0m] Closed LXD - unix socket.
[[0;32m  OK  [0m] Stopped target Paths.
[[0;32m  OK  [0m] Stopped Dispatch Password Requests to Console Directory Watch.
[[0;32m  OK  [0m] Stopped Forward Password Requests to Wall Directory Watch.
[[0;32m  OK  [0m] Stopped ACPI Events Check.
[[0;32m  OK  [0m] Stopped target System Initialization.
[[0;32m  OK  [0m] Stopped Create Volatile Files and Directories.
         Stopping Load/Save Random Seed...
[[0;32m  OK  [0m] Stopped target Swap.
[[0;32m  OK  [0m] Stopped Initial cloud-init job (metadata service crawler).
         Stopping Raise network interfaces...
[[0;32m  OK  [0m] Stopped target Encrypted Volumes.
[[0;32m  OK  [0m] Stopped Commit a transient machine-id on disk.
[[0;32m  OK  [0m] Removed slice User and Session Slice.
[[0;32m  OK  [0m] Stopped Load/Save Random Seed.
[[0;32m  OK  [0m] Stopped Raise network interfaces.
[[0;32m  OK  [0m] Stopped target Network (Pre).
[[0;32m  OK  [0m] Stopped Initial cloud-init job (pre-networking).
[[0;32m  OK  [0m] Stopped Apply Kernel Variables.
[[0;32m  OK  [0m] Stopped Load Kernel Modules.
[[0;32m  OK  [0m] Stopped target Local File Systems.
         Unmounting /vagrant...
         Unmounting /run/user/1000...
[[0;32m  OK  [0m] Unmounted /vagrant.
[[0;32m  OK  [0m] Unmounted /run/user/1000.
[[0;32m  OK  [0m] Reached target Unmount All Filesystems.
[[0;32m  OK  [0m] Stopped target Local File Systems (Pre).
[[0;32m  OK  [0m] Stopped Remount Root and Kernel File Systems.
         Stopping Monitoring of LVM2 mirrors... dmeventd or progress polling...
[[0;32m  OK  [0m] Stopped Create Static Device Nodes in /dev.
[[0;32m  OK  [0m] Reached target Shutdown.
[  392.449024] reboot: Power down
